<?xml version="1.0" encoding="UTF-8"?>
<!-- Generated by org.testng.reporters.JUnitXMLReporter -->
<testsuite hostname="idea-PC" name="Test" tests="4" failures="0" timestamp="11 Sep 2017 18:48:27 GMT" time="0.137" errors="0">
  <testcase name="advanceSearch" time="0.042" classname="UnderstandingTestNGFramework.GroupAttribute"/>
  <testcase name="login" time="0.005" classname="UnderstandingTestNGFramework.GroupAttribute"/>
  <testcase name="logout" time="0.005" classname="UnderstandingTestNGFramework.GroupAttribute"/>
  <testcase name="prepaidrecharge" time="0.005" classname="UnderstandingTestNGFramework.GroupAttribute"/>
</testsuite> <!-- Test -->
