<?xml version="1.0" encoding="UTF-8"?>
<!-- Generated by org.testng.reporters.JUnitXMLReporter -->
<testsuite hostname="idea-PC" name="SanityTest" tests="6" failures="0" timestamp="11 Sep 2017 17:11:20 GMT" time="0.212" errors="0">
  <testcase name="addvendor" time="0.029" classname="UnderstandingTestNGFramework.Abcd"/>
  <testcase name="addproduct" time="0.007" classname="UnderstandingTestNGFramework.Abcd"/>
  <testcase name="addcurrency" time="0.004" classname="UnderstandingTestNGFramework.Abcd"/>
  <testcase name="deleteaddvendor" time="0.008" classname="UnderstandingTestNGFramework.Xyz"/>
  <testcase name="deleteaddproduct" time="0.006" classname="UnderstandingTestNGFramework.Xyz"/>
  <testcase name="deleteaddcurrency" time="0.006" classname="UnderstandingTestNGFramework.Xyz"/>
</testsuite> <!-- SanityTest -->
