<?xml version="1.0" encoding="UTF-8"?>
<testng-results skipped="0" failed="0" total="1" passed="1">
  <reporter-output>
  </reporter-output>
  <suite name="Default suite" duration-ms="17331" started-at="2017-11-10T12:00:39Z" finished-at="2017-11-10T12:00:56Z">
    <groups>
    </groups>
    <test name="Default test" duration-ms="17331" started-at="2017-11-10T12:00:39Z" finished-at="2017-11-10T12:00:56Z">
      <class name="Facebookscreenshot.CaptureScreenshot">
        <test-method status="PASS" signature="beforeMethod()[pri:0, instance:Facebookscreenshot.CaptureScreenshot@608069b9]" name="beforeMethod" is-config="true" duration-ms="16230" started-at="2017-11-10T17:30:39Z" finished-at="2017-11-10T17:30:55Z">
          <reporter-output>
          </reporter-output>
        </test-method> <!-- beforeMethod -->
        <test-method status="PASS" signature="f()[pri:0, instance:Facebookscreenshot.CaptureScreenshot@608069b9]" name="f" duration-ms="1014" started-at="2017-11-10T17:30:55Z" finished-at="2017-11-10T17:30:56Z">
          <reporter-output>
          </reporter-output>
        </test-method> <!-- f -->
        <test-method status="PASS" signature="afterMethod()[pri:0, instance:Facebookscreenshot.CaptureScreenshot@608069b9]" name="afterMethod" is-config="true" duration-ms="36" started-at="2017-11-10T17:30:56Z" finished-at="2017-11-10T17:30:56Z">
          <reporter-output>
          </reporter-output>
        </test-method> <!-- afterMethod -->
      </class> <!-- Facebookscreenshot.CaptureScreenshot -->
    </test> <!-- Default test -->
  </suite> <!-- Default suite -->
</testng-results>
